<?xml version="1.0" encoding="UTF-8"?>
<!-- Generated by org.testng.reporters.JUnitReportReporter -->
<testsuite skipped="0" hostname="DESKTOP-MTRD39T" name="com.digitalQA.tests.DeleteSimulacaoTests" tests="2" failures="0" timestamp="2021-07-08T00:13:14 BRT" time="1.135" errors="0">
  <testcase name="deveDeletarSimulacaoIdInvalido" time="0.013" classname="com.digitalQA.tests.DeleteSimulacaoTests"/>
  <system-out/>
  <testcase name="deveDeletarSimulacaoComSucesso" time="1.122" classname="com.digitalQA.tests.DeleteSimulacaoTests"/>
  <system-out/>
</testsuite> <!-- com.digitalQA.tests.DeleteSimulacaoTests -->
