<?xml version="1.0" encoding="UTF-8"?>
<!-- Generated by org.testng.reporters.JUnitReportReporter -->
<testsuite skipped="0" hostname="DESKTOP-MTRD39T" name="com.digitalQA.tests.PutSimulacaoTests" tests="2" failures="0" timestamp="2021-07-08T00:13:14 BRT" time="0.049" errors="0">
  <testcase name="alterarSimulacaoComCpfInexistente" time="0.011" classname="com.digitalQA.tests.PutSimulacaoTests"/>
  <system-out/>
  <testcase name="deveAlterarSimulacaoComSucesso" time="0.038" classname="com.digitalQA.tests.PutSimulacaoTests"/>
  <system-out/>
</testsuite> <!-- com.digitalQA.tests.PutSimulacaoTests -->
