<?xml version="1.0" encoding="UTF-8"?>
<!-- Generated by org.testng.reporters.JUnitReportReporter -->
<testsuite skipped="0" hostname="DESKTOP-MTRD39T" name="com.digitalQA.tests.GetRestricaoTests" tests="2" failures="0" timestamp="2021-07-08T00:13:14 BRT" time="0.508" errors="0">
  <testcase name="deveVerificarCPFSemRestricao" time="0.010" classname="com.digitalQA.tests.GetRestricaoTests"/>
  <system-out/>
  <testcase name="deveVerificarCPFRestricao" time="0.498" classname="com.digitalQA.tests.GetRestricaoTests"/>
  <system-out/>
</testsuite> <!-- com.digitalQA.tests.GetRestricaoTests -->
